  [1m[36mActiveRecord::SchemaMigration Load (0.6ms)[0m  [1mSELECT "schema_migrations".* FROM "schema_migrations"[0m
  [1m[36mActiveRecord::SchemaMigration Load (0.8ms)[0m  [1mSELECT "schema_migrations".* FROM "schema_migrations"[0m
  [1m[36mActiveRecord::SchemaMigration Load (0.8ms)[0m  [1mSELECT "schema_migrations".* FROM "schema_migrations"[0m
  [1m[36mActiveRecord::SchemaMigration Load (1.0ms)[0m  [1mSELECT "schema_migrations".* FROM "schema_migrations"[0m
  [1m[36mActiveRecord::SchemaMigration Load (0.6ms)[0m  [1mSELECT "schema_migrations".* FROM "schema_migrations"[0m
  [1m[36mActiveRecord::SchemaMigration Load (0.5ms)[0m  [1mSELECT "schema_migrations".* FROM "schema_migrations"[0m
  [1m[35m (0.2ms)[0m  BEGIN
  [1m[36mCity Exists (0.9ms)[0m  [1mSELECT  1 AS one FROM "cities" WHERE ("cities"."id" IS NOT NULL) AND "cities"."slug" = $1 LIMIT 1[0m  [["slug", "san-francisco"]]
  [1m[35mSQL (0.9ms)[0m  INSERT INTO "cities" ("city_name", "city_description", "slug", "created_at", "updated_at") VALUES ($1, $2, $3, $4, $5) RETURNING "id"  [["city_name", "San Francisco"], ["city_description", "Kitsch food truck Odd Future cold-pressed. Thundercats PBR tofu, cornhole lumbersexual Kickstarter semiotics literally master cleanse meditation cray pug hella organic synth. Squid viral quinoa, slow-carb selfies sartorial fingerstache fixie umami ethical keytar. Meh High Life Carles Pitchfork Wes Anderson. Pitchfork cold-pressed Vice, beard fingerstache messenger bag cred Brooklyn four loko. 8-bit American Apparel typewriter asymmetrical, letterpress farm-to-table pour-over pop-up. Tote bag cronut four loko chambray Carles four dollar toast Shoreditch, PBR&B art party.\nCold-pressed chia PBR typewriter banjo. American Apparel DIY High Life, you probably havent heard of them lomo deep v cray Brooklyn roof party lumbersexual salvia bitters church-key. Taxidermy listicle migas bespoke Vice skateboard four loko, stumptown occupy. Hashtag normcore pork belly, small batch freegan direct trade drinking vinegar tofu seitan. Kitsch lomo mlkshk Vice, vegan ennui disrupt meh aesthetic hoodie artisan typewriter. Food truck chillwave DIY street art letterpress. Brooklyn actually raw denim, lumbersexual Helvetica lomo whatever ugh post-ironic vinyl art party letterpress.\n"], ["slug", "san-francisco"], ["created_at", "2015-08-12 23:30:13.234768"], ["updated_at", "2015-08-12 23:30:13.234768"]]
  [1m[36m (24.9ms)[0m  [1mCOMMIT[0m
  [1m[35m (0.2ms)[0m  BEGIN
  [1m[36mCity Exists (0.5ms)[0m  [1mSELECT  1 AS one FROM "cities" WHERE ("cities"."id" IS NOT NULL) AND "cities"."slug" = $1 LIMIT 1[0m  [["slug", "london"]]
  [1m[35mSQL (0.4ms)[0m  INSERT INTO "cities" ("city_name", "city_description", "slug", "created_at", "updated_at") VALUES ($1, $2, $3, $4, $5) RETURNING "id"  [["city_name", "London"], ["city_description", "Kitsch food truck Odd Future cold-pressed. Thundercats PBR tofu, cornhole lumbersexual Kickstarter semiotics literally master cleanse meditation cray pug hella organic synth. Squid viral quinoa, slow-carb selfies sartorial fingerstache fixie umami ethical keytar. Meh High Life Carles Pitchfork Wes Anderson. Pitchfork cold-pressed Vice, beard fingerstache messenger bag cred Brooklyn four loko. 8-bit American Apparel typewriter asymmetrical, letterpress farm-to-table pour-over pop-up. Tote bag cronut four loko chambray Carles four dollar toast Shoreditch, PBR&B art party.\nCold-pressed chia PBR typewriter banjo. American Apparel DIY High Life, you probably havent heard of them lomo deep v cray Brooklyn roof party lumbersexual salvia bitters church-key. Taxidermy listicle migas bespoke Vice skateboard four loko, stumptown occupy. Hashtag normcore pork belly, small batch freegan direct trade drinking vinegar tofu seitan. Kitsch lomo mlkshk Vice, vegan ennui disrupt meh aesthetic hoodie artisan typewriter. Food truck chillwave DIY street art letterpress. Brooklyn actually raw denim, lumbersexual Helvetica lomo whatever ugh post-ironic vinyl art party letterpress.\n"], ["slug", "london"], ["created_at", "2015-08-12 23:30:13.268710"], ["updated_at", "2015-08-12 23:30:13.268710"]]
  [1m[36m (0.7ms)[0m  [1mCOMMIT[0m
  [1m[35m (0.2ms)[0m  BEGIN
  [1m[36mCity Exists (0.5ms)[0m  [1mSELECT  1 AS one FROM "cities" WHERE ("cities"."id" IS NOT NULL) AND "cities"."slug" = $1 LIMIT 1[0m  [["slug", "gibraltar"]]
  [1m[35mSQL (0.4ms)[0m  INSERT INTO "cities" ("city_name", "city_description", "slug", "created_at", "updated_at") VALUES ($1, $2, $3, $4, $5) RETURNING "id"  [["city_name", "Gibraltar"], ["city_description", "Kitsch food truck Odd Future cold-pressed. Thundercats PBR tofu, cornhole lumbersexual Kickstarter semiotics literally master cleanse meditation cray pug hella organic synth. Squid viral quinoa, slow-carb selfies sartorial fingerstache fixie umami ethical keytar. Meh High Life Carles Pitchfork Wes Anderson. Pitchfork cold-pressed Vice, beard fingerstache messenger bag cred Brooklyn four loko. 8-bit American Apparel typewriter asymmetrical, letterpress farm-to-table pour-over pop-up. Tote bag cronut four loko chambray Carles four dollar toast Shoreditch, PBR&B art party.\nCold-pressed chia PBR typewriter banjo. American Apparel DIY High Life, you probably havent heard of them lomo deep v cray Brooklyn roof party lumbersexual salvia bitters church-key. Taxidermy listicle migas bespoke Vice skateboard four loko, stumptown occupy. Hashtag normcore pork belly, small batch freegan direct trade drinking vinegar tofu seitan. Kitsch lomo mlkshk Vice, vegan ennui disrupt meh aesthetic hoodie artisan typewriter. Food truck chillwave DIY street art letterpress. Brooklyn actually raw denim, lumbersexual Helvetica lomo whatever ugh post-ironic vinyl art party letterpress.\n"], ["slug", "gibraltar"], ["created_at", "2015-08-12 23:30:13.275694"], ["updated_at", "2015-08-12 23:30:13.275694"]]
  [1m[36m (0.6ms)[0m  [1mCOMMIT[0m
  [1m[36mCity Load (0.9ms)[0m  [1mSELECT "cities".* FROM "cities"[0m
  [1m[36mCity Load (0.8ms)[0m  [1mSELECT "cities".* FROM "cities"[0m
  [1m[35mPost Load (1.0ms)[0m  SELECT "posts".* FROM "posts"
  [1m[36mSQL (18.9ms)[0m  [1mDELETE FROM "posts"[0m
